2022-12-08 17:58:39,190 - __main__ - INFO - Token value: Token not available!
2022-12-08 17:58:44,162 - __main__ - INFO - Weather in Berlin: 3.14
2022-12-08 12:31:31,114 - __main__ - INFO - Token value: 
2022-12-08 12:31:31,806 - __main__ - INFO - Weather in Berlin: 3.14
2022-12-08 12:43:16,407 - __main__ - INFO - Token value: q3123
2022-12-08 12:43:16,560 - __main__ - INFO - Weather in Berlin: 3.14
2022-12-08 18:28:06,300 - __main__ - INFO - Input: 1
2022-12-08 18:28:06,301 - __main__ - INFO - Token value: Token not available!
2022-12-08 18:28:08,972 - __main__ - INFO - Weather in Berlin: 2.88
2022-12-08 13:02:01,528 - __main__ - INFO - Input: value
2022-12-08 13:02:01,528 - __main__ - INFO - Token value: q3123
2022-12-08 13:02:01,990 - __main__ - INFO - Weather in Berlin: 2.88
2022-12-11 11:00:44,074 - __main__ - INFO - Payload: {'Data': 1}
2022-12-11 11:07:10,966 - __main__ - INFO - Payload: {'Data': 1}
2022-12-11 11:12:40,367 - __main__ - INFO - Payload: {'Data': 1}
2022-12-11 11:23:23,264 - __main__ - INFO - Payload: {'Data': 1}
2022-12-11 11:23:23,307 - __main__ - INFO - Img Generation Success
2022-12-11 11:24:02,736 - __main__ - INFO - Payload: {'Data': 1}
2022-12-11 11:24:02,780 - __main__ - INFO - Img Generation Success
2022-12-11 11:24:48,982 - __main__ - INFO - Payload: {'Data': 1}
2022-12-11 11:24:49,023 - __main__ - INFO - Img Generation Success
2022-12-11 13:40:57,288 - __main__ - INFO - Payload: {'data': 1}
2022-12-11 13:40:57,371 - __main__ - INFO - Img Generation Success
2022-12-11 13:41:15,487 - __main__ - INFO - Payload: {'data': 1}
2022-12-11 13:41:15,531 - __main__ - INFO - Img Generation Success
2022-12-11 13:49:11,688 - __main__ - INFO - Payload: {'data': 1}
2022-12-11 13:49:11,733 - __main__ - INFO - Img Generation Success
2022-12-11 16:14:28,402 - __main__ - INFO - Payload: {'data': 1}
2022-12-11 16:14:28,466 - __main__ - INFO - Img Generation Success
2022-12-11 16:15:07,110 - __main__ - INFO - Payload: {'data': 1}
2022-12-11 16:15:07,153 - __main__ - INFO - Img Generation Success
2022-12-11 16:20:04,143 - __main__ - INFO - Payload: {'data': 1}
2022-12-11 16:20:04,187 - __main__ - INFO - Img Generation Success
2022-12-11 16:20:20,573 - __main__ - INFO - Payload: {'data': 1}
2022-12-11 16:20:20,617 - __main__ - INFO - Img Generation Success
2022-12-11 16:21:02,027 - __main__ - INFO - Img Upload Success
2022-12-11 17:43:50,399 - main - INFO - Payload: {'data': 1}
2022-12-11 17:43:50,467 - main - INFO - Img Generation Success
2022-12-11 17:50:50,935 - main - INFO - Payload: {'data': 1}
2022-12-11 17:50:50,982 - main - INFO - Img Generation Success
2022-12-11 17:50:57,977 - main - INFO - Payload: {'data': 1}
2022-12-11 17:50:58,022 - main - INFO - Img Generation Success
2022-12-11 17:51:36,714 - main - INFO - Img Upload Success
2022-12-11 12:39:43,428 - __main__ - INFO - Payload: {'key': 'value', 'key2': 2}
2022-12-11 12:39:43,464 - __main__ - INFO - Img Generation Success
2022-12-11 12:46:55,243 - __main__ - INFO - Payload: {'key': 'value', 'key2': 2}
2022-12-11 12:46:55,267 - __main__ - INFO - Img Generation Success
2022-12-11 16:14:32,922 - __main__ - INFO - Payload: {'key': 'value', 'key2': 2}
2022-12-11 16:14:32,956 - __main__ - INFO - Img Generation Success
